<?xml version="1.0" encoding="UTF-8"?>
<!-- Generated by org.testng.reporters.JUnitXMLReporter -->
<testsuite ignored="0" hostname="DESKTOP-6B1HUAL" failures="1" tests="1" name="Test" time="0.139" errors="0" timestamp="2024-05-10T16:38:51 IST">
  <testcase classname="com.seleniumProject.TestCases.OrangeHrmHomePageTest" name="pimPage" time="0.043">
    <failure type="java.lang.ExceptionInInitializerError">
      <![CDATA[java.lang.ExceptionInInitializerError
at com.seleniumProject.TestCases.OrangeHrmHomePageTest.pimPage(OrangeHrmHomePageTest.java:12)
at java.base/java.util.ArrayList.forEach(ArrayList.java:1511)
Caused by: java.lang.IllegalArgumentException: Driver must be set
at org.openqa.selenium.internal.Require.nonNull(Require.java:61)
at org.openqa.selenium.interactions.Actions.<init>(Actions.java:59)
at com.seleniumProject.pages.OrangeHrmHomePage.<init>(OrangeHrmHomePage.java:18)
at com.seleniumProject.pages.commonPage.Page.<clinit>(Page.java:14)
... 29 more
... Removed 27 stack frames]]>
    </failure>
  </testcase> <!-- pimPage -->
</testsuite> <!-- Test -->
